<?xml version="1.0" encoding="UTF-8"?>
<testsuite xmlns:xsi="http://www.w3.org/2001/XMLSchema-instance" xsi:noNamespaceSchemaLocation="https://maven.apache.org/surefire/maven-surefire-plugin/xsd/surefire-test-report-3.0.xsd" version="3.0" name="TestSuite" time="100.786" tests="2" errors="0" skipped="0" failures="1">
  <properties>
[...]
</properties>
  <testcase name="APis" classname="com.Foodics.Amazon.testcases.AmazonTaskTest" time="21.619">
    <system-out><![CDATA[Software EngineerJohn Doe
Request method:	POST
Request URI:	https://reqres.in/api/users
Proxy:			<none>
Request params:	<none>
Query params:	<none>
Form params:	<none>
Path params:	<none>
Headers:		Accept=*/*
				Content-Type=application/json
Cookies:		<none>
Multiparts:		<none>
Body:
{
    "name": "John Doe",
    "job": "Software Engineer"
}
HTTP/1.1 201 Created
Date: Tue, 18 Mar 2025 23:20:47 GMT
Content-Type: application/json; charset=utf-8
Content-Length: 95
Connection: keep-alive
Cf-Ray: 9228766f4c021894-MRS
Server: cloudflare
Report-To: {"group":"heroku-nel","max_age":3600,"endpoints":[{"url":"https://nel.heroku.com/reports?ts=1742340047&sid=c4c9725f-1ab0-44d8-820f-430df2718e11&s=yz0T4DraAojKOTh4P8cItZh3HJwnHNDiDIGds%2B67bZ4%3D"}]}
Reporting-Endpoints: heroku-nel=https://nel.heroku.com/reports?ts=1742340047&sid=c4c9725f-1ab0-44d8-820f-430df2718e11&s=yz0T4DraAojKOTh4P8cItZh3HJwnHNDiDIGds%2B67bZ4%3D
Nel: {"report_to":"heroku-nel","max_age":3600,"success_fraction":0.005,"failure_fraction":0.05,"response_headers":["Via"]}
X-Powered-By: Express
Access-Control-Allow-Origin: *
Etag: W/"5f-1K4ziQm5o98orF1sMce0SuKZFzs"
Via: 1.1 vegur
Cf-Cache-Status: DYNAMIC
server-timing: cfL4;desc="?proto=TCP&rtt=642095&min_rtt=642095&rtt_var=321047&sent=5&recv=7&lost=0&retrans=1&sent_bytes=3110&recv_bytes=842&delivery_rate=6447&cwnd=247&unsent_bytes=0&cid=3cb887abad535603&ts=744&x=0"

{
    "name": "John Doe",
    "job": "Software Engineer",
    "id": "941",
    "createdAt": "2025-03-18T23:20:47.318Z"
}
User created successfully with ID: 941
Request method:	GET
Request URI:	https://reqres.in/api/users/2
Proxy:			<none>
Request params:	<none>
Query params:	<none>
Form params:	<none>
Path params:	id=2
Headers:		Accept=*/*
Cookies:		<none>
Multiparts:		<none>
Body:			<none>
HTTP/1.1 200 OK
Date: Tue, 18 Mar 2025 23:20:53 GMT
Content-Type: application/json; charset=utf-8
Transfer-Encoding: chunked
Connection: keep-alive
Report-To: {"group":"heroku-nel","max_age":3600,"endpoints":[{"url":"https://nel.heroku.com/reports?ts=1742250511&sid=c4c9725f-1ab0-44d8-820f-430df2718e11&s=oXa3OH49eINYIJhkFUhZGgR%2FFX8BZVuIs1iFI%2F%2BxZ%2FI%3D"}]}
Reporting-Endpoints: heroku-nel=https://nel.heroku.com/reports?ts=1742250511&sid=c4c9725f-1ab0-44d8-820f-430df2718e11&s=oXa3OH49eINYIJhkFUhZGgR%2FFX8BZVuIs1iFI%2F%2BxZ%2FI%3D
Nel: {"report_to":"heroku-nel","max_age":3600,"success_fraction":0.005,"failure_fraction":0.05,"response_headers":["Via"]}
X-Powered-By: Express
Access-Control-Allow-Origin: *
Etag: W/"152-ApQgGHL6RKwaebFlrPCYPBO1xHg"
Via: 1.1 vegur
Cache-Control: max-age=14400
CF-Cache-Status: HIT
Age: 1162
Vary: Accept-Encoding
Server: cloudflare
CF-RAY: 9228769788975eeb-MRS
Content-Encoding: gzip
server-timing: cfL4;desc="?proto=TCP&rtt=294000&min_rtt=294000&rtt_var=147000&sent=5&recv=6&lost=0&retrans=1&sent_bytes=3110&recv_bytes=746&delivery_rate=14081&cwnd=252&unsent_bytes=0&cid=6670074d67d5d6fa&ts=305&x=0"

{
    "data": {
        "id": 2,
        "email": "janet.weaver@reqres.in",
        "first_name": "Janet",
        "last_name": "Weaver",
        "avatar": "https://reqres.in/img/faces/2-image.jpg"
    },
    "support": {
        "url": "https://contentcaddy.io?utm_source=reqres&utm_medium=json&utm_campaign=referral",
        "text": "Tired of writing endless social media content? Let Content Caddy generate it for you."
    }
}
User retrieved successfully with ID: 941
HTTP/1.1 200 OK
Date: Tue, 18 Mar 2025 23:20:55 GMT
Content-Type: application/json; charset=utf-8
Content-Length: 40
Connection: keep-alive
Report-To: {"group":"heroku-nel","max_age":3600,"endpoints":[{"url":"https://nel.heroku.com/reports?ts=1742340055&sid=c4c9725f-1ab0-44d8-820f-430df2718e11&s=JsIB%2Bj84N43%2B0pFXRDQmGfbhM7zeYqrXRlqssve1cxM%3D"}]}
Reporting-Endpoints: heroku-nel=https://nel.heroku.com/reports?ts=1742340055&sid=c4c9725f-1ab0-44d8-820f-430df2718e11&s=JsIB%2Bj84N43%2B0pFXRDQmGfbhM7zeYqrXRlqssve1cxM%3D
Nel: {"report_to":"heroku-nel","max_age":3600,"success_fraction":0.005,"failure_fraction":0.05,"response_headers":["Via"]}
X-Powered-By: Express
Access-Control-Allow-Origin: *
Etag: W/"28-mqScBAbhd7ndBjlfirgYFJZKgRQ"
Via: 1.1 vegur
CF-Cache-Status: DYNAMIC
Vary: Accept-Encoding
Server: cloudflare
CF-RAY: 922876a32fba8b7f-MRS
server-timing: cfL4;desc="?proto=TCP&rtt=374919&min_rtt=330523&rtt_var=155658&sent=5&recv=5&lost=0&retrans=0&sent_bytes=3109&recv_bytes=846&delivery_rate=12525&cwnd=252&unsent_bytes=0&cid=a51cefafa2c2d1ec&ts=428&x=0"

{
    "updatedAt": "2025-03-18T23:20:55.615Z"
}
User updated successfully with ID: 941
]]></system-out>
    <system-err><![CDATA[SLF4J: No SLF4J providers were found.
SLF4J: Defaulting to no-operation (NOP) logger implementation
SLF4J: See https://www.slf4j.org/codes.html#noProviders for further details.
Mar 19, 2025 1:20:27 AM org.openqa.selenium.remote.service.DriverService$Builder getLogOutput
INFO: Driver logs no longer sent to console by default; https://www.selenium.dev/documentation/webdriver/drivers/service/#setting-log-output
Mar 19, 2025 1:20:27 AM org.openqa.selenium.remote.service.DriverService$Builder getLogOutput
INFO: Driver logs no longer sent to console by default; https://www.selenium.dev/documentation/webdriver/drivers/service/#setting-log-output
Mar 19, 2025 1:20:32 AM org.openqa.selenium.devtools.CdpVersionFinder findNearestMatch
WARNING: Unable to find CDP implementation matching 134
Mar 19, 2025 1:20:32 AM org.openqa.selenium.devtools.CdpVersionFinder findNearestMatch
WARNING: Unable to find CDP implementation matching 134
Mar 19, 2025 1:20:32 AM org.openqa.selenium.chromium.ChromiumDriver lambda$new$4
WARNING: Unable to find version of CDP to use for . You may need to include a dependency on a specific version of the CDP using something similar to `org.seleniumhq.selenium:selenium-devtools-v86:4.10.0` where the version ("v86") matches the version of the chromium-based browser you're using and the version number of the artifact is the same as Selenium's.
Mar 19, 2025 1:20:32 AM org.openqa.selenium.chromium.ChromiumDriver lambda$new$4
WARNING: Unable to find version of CDP to use for . You may need to include a dependency on a specific version of the CDP using something similar to `org.seleniumhq.selenium:selenium-devtools-v86:4.10.0` where the version ("v86") matches the version of the chromium-based browser you're using and the version number of the artifact is the same as Selenium's.
]]></system-err>
  </testcase>
  <testcase name="API" classname="com.Foodics.Amazon.testcases.AmazonTaskTest" time="85.756">
    <failure message="invalid selector: An invalid or illegal selector was specified&#10;  (Session info: chrome=134.0.6998.89)&#10;For documentation on this error, please visit: https://www.selenium.dev/documentation/webdriver/troubleshooting/errors#invalid-selector-exception&#10;Build info: version: &apos;4.10.0&apos;, revision: &apos;c14d967899&apos;&#10;System info: os.name: &apos;Windows 11&apos;, os.arch: &apos;amd64&apos;, os.version: &apos;10.0&apos;, java.version: &apos;20.0.1&apos;&#10;Driver info: org.openqa.selenium.chrome.ChromeDriver&#10;Command: [1e36ef43910cf45d8bdde9075ab35610, findElement {using=css selector, value=li[id=&apos;address-ui-widgets-autoCompleteResult-0&apos;]]}]&#10;Capabilities {acceptInsecureCerts: false, browserName: chrome, browserVersion: 134.0.6998.89, chrome: {chromedriverVersion: 134.0.6998.88 (7e3d5c978c6d..., userDataDir: C:\Users\abdel\AppData\Loca...}, fedcm:accounts: true, goog:chromeOptions: {debuggerAddress: localhost:65515}, networkConnectionEnabled: false, pageLoadStrategy: normal, platformName: windows, proxy: Proxy(), se:cdp: ws://localhost:65515/devtoo..., se:cdpVersion: 134.0.6998.89, setWindowRect: true, strictFileInteractability: false, timeouts: {implicit: 0, pageLoad: 300000, script: 30000}, unhandledPromptBehavior: dismiss and notify, webauthn:extension:credBlob: true, webauthn:extension:largeBlob: true, webauthn:extension:minPinLength: true, webauthn:extension:prf: true, webauthn:virtualAuthenticators: true}&#10;Session ID: 1e36ef43910cf45d8bdde9075ab35610" type="org.openqa.selenium.InvalidSelectorException"><![CDATA[org.openqa.selenium.InvalidSelectorException: 
invalid selector: An invalid or illegal selector was specified
  (Session info: chrome=134.0.6998.89)
For documentation on this error, please visit: https://www.selenium.dev/documentation/webdriver/troubleshooting/errors#invalid-selector-exception
Build info: version: '4.10.0', revision: 'c14d967899'
System info: os.name: 'Windows 11', os.arch: 'amd64', os.version: '10.0', java.version: '20.0.1'
Driver info: org.openqa.selenium.chrome.ChromeDriver
Command: [1e36ef43910cf45d8bdde9075ab35610, findElement {using=css selector, value=li[id='address-ui-widgets-autoCompleteResult-0']]}]
Capabilities {acceptInsecureCerts: false, browserName: chrome, browserVersion: 134.0.6998.89, chrome: {chromedriverVersion: 134.0.6998.88 (7e3d5c978c6d..., userDataDir: C:\Users\abdel\AppData\Loca...}, fedcm:accounts: true, goog:chromeOptions: {debuggerAddress: localhost:65515}, networkConnectionEnabled: false, pageLoadStrategy: normal, platformName: windows, proxy: Proxy(), se:cdp: ws://localhost:65515/devtoo..., se:cdpVersion: 134.0.6998.89, setWindowRect: true, strictFileInteractability: false, timeouts: {implicit: 0, pageLoad: 300000, script: 30000}, unhandledPromptBehavior: dismiss and notify, webauthn:extension:credBlob: true, webauthn:extension:largeBlob: true, webauthn:extension:minPinLength: true, webauthn:extension:prf: true, webauthn:virtualAuthenticators: true}
Session ID: 1e36ef43910cf45d8bdde9075ab35610
	at java.base/jdk.internal.reflect.DirectConstructorHandleAccessor.newInstance(DirectConstructorHandleAccessor.java:67)
	at java.base/java.lang.reflect.Constructor.newInstanceWithCaller(Constructor.java:500)
	at java.base/java.lang.reflect.Constructor.newInstance(Constructor.java:484)
	at org.openqa.selenium.remote.codec.w3c.W3CHttpResponseCodec.createException(W3CHttpResponseCodec.java:199)
	at org.openqa.selenium.remote.codec.w3c.W3CHttpResponseCodec.decode(W3CHttpResponseCodec.java:132)
	at org.openqa.selenium.remote.codec.w3c.W3CHttpResponseCodec.decode(W3CHttpResponseCodec.java:51)
	at org.openqa.selenium.remote.HttpCommandExecutor.execute(HttpCommandExecutor.java:191)
	at org.openqa.selenium.remote.service.DriverCommandExecutor.invokeExecute(DriverCommandExecutor.java:196)
	at org.openqa.selenium.remote.service.DriverCommandExecutor.execute(DriverCommandExecutor.java:171)
	at org.openqa.selenium.remote.RemoteWebDriver.execute(RemoteWebDriver.java:531)
	at org.openqa.selenium.remote.ElementLocation$ElementFinder$2.findElement(ElementLocation.java:165)
	at org.openqa.selenium.remote.ElementLocation.findElement(ElementLocation.java:59)
	at org.openqa.selenium.remote.RemoteWebDriver.findElement(RemoteWebDriver.java:350)
	at org.openqa.selenium.remote.RemoteWebDriver.findElement(RemoteWebDriver.java:344)
	at org.openqa.selenium.support.pagefactory.DefaultElementLocator.findElement(DefaultElementLocator.java:68)
	at org.openqa.selenium.support.pagefactory.internal.LocatingElementHandler.invoke(LocatingElementHandler.java:38)
	at jdk.proxy2/jdk.proxy2.$Proxy17.click(Unknown Source)
	at com.Foodics.Amazon.pages.CartDetails.ViewCart(CartDetails.java:70)
	at com.Foodics.Amazon.testcases.AmazonTaskTest.API(AmazonTaskTest.java:30)
	at java.base/jdk.internal.reflect.DirectMethodHandleAccessor.invoke(DirectMethodHandleAccessor.java:104)
	at java.base/java.lang.reflect.Method.invoke(Method.java:578)
	at org.testng.internal.invokers.MethodInvocationHelper.invokeMethod(MethodInvocationHelper.java:139)
	at org.testng.internal.invokers.TestInvoker.invokeMethod(TestInvoker.java:664)
	at org.testng.internal.invokers.TestInvoker.invokeTestMethod(TestInvoker.java:227)
	at org.testng.internal.invokers.MethodRunner.runInSequence(MethodRunner.java:50)
	at org.testng.internal.invokers.TestInvoker$MethodInvocationAgent.invoke(TestInvoker.java:957)
	at org.testng.internal.invokers.TestInvoker.invokeTestMethods(TestInvoker.java:200)
	at org.testng.internal.invokers.TestMethodWorker.invokeTestMethods(TestMethodWorker.java:148)
	at org.testng.internal.invokers.TestMethodWorker.run(TestMethodWorker.java:128)
	at java.base/java.util.concurrent.ThreadPoolExecutor.runWorker(ThreadPoolExecutor.java:1144)
	at java.base/java.util.concurrent.ThreadPoolExecutor$Worker.run(ThreadPoolExecutor.java:642)
	at java.base/java.lang.Thread.run(Thread.java:1623)
]]></failure>
    <system-out><![CDATA[All Video Games
true
No products below 15000.0 EGP found on page 1. Moving to the next page.
No products below 15000.0 EGP found on page 2. Moving to the next page.
No products below 15000.0 EGP found on page 3. Moving to the next page.
No products below 15000.0 EGP found on page 4. Moving to the next page.
No products below 15000.0 EGP found on page 5. Moving to the next page.
]]></system-out>
    <system-err><![CDATA[Could not parse price for a product.
Could not parse price for a product.
Could not parse price for a product.
Could not parse price for a product.
Could not parse price for a product.
Could not parse price for a product.
Could not parse price for a product.
Could not parse price for a product.
Could not parse price for a product.
Could not parse price for a product.
Could not parse price for a product.
Could not parse price for a product.
Could not parse price for a product.
Could not parse price for a product.
Could not parse price for a product.
Could not parse price for a product.
Could not parse price for a product.
Could not parse price for a product.
Could not parse price for a product.
Could not parse price for a product.
Could not parse price for a product.
Could not parse price for a product.
Could not parse price for a product.
Could not parse price for a product.
Could not parse price for a product.
Could not parse price for a product.
Could not parse price for a product.
]]></system-err>
  </testcase>
</testsuite>